<?xml version="1.0" encoding="UTF-8"?>
<!-- Generated by org.testng.reporters.JUnitXMLReporter -->
<testsuite hostname="DESKTOP-V0FSRTB" failures="0" tests="1" name="Test" time="49.068" errors="0" timestamp="11 Feb 2018 19:10:12 GMT">
  <testcase classname="com.servlet.demo.NewTest" name="@BeforeTest beforeTest" time="0.0">
    <failure type="org.openqa.selenium.WebDriverException" message="Failed to connect to binary FirefoxBinary(C:\Program Files (x86)\Mozilla Firefox\firefox.exe) on port 7055; process output follows: 
167642	addons.manager	DEBUG	Starting provider: PluginProvider
1518376167642	addons.manager	DEBUG	Registering shutdown blocker for PluginProvider
1518376167643	addons.manager	DEBUG	Provider finished startup: PluginProvider
1518376167643	addons.manager	DEBUG	Completed startup sequence
1518376167786	addons.manager	DEBUG	Starting provider: PreviousExperimentProvider
1518376167786	addons.manager	DEBUG	Registering shutdown blocker for PreviousExperimentProvider
1518376167786	addons.manager	DEBUG	Provider finished startup: PreviousExperimentProvider
*** Blocklist::_preloadBlocklistFile: blocklist is disabled
1518376168620	addons.xpi-utils	DEBUG	Starting async load of XPI database C:\Users\Shreyans Jain\AppData\Local\Temp\anonymous10264595181467574151webdriver-profile\extensions.json
1518376168657	addons.xpi	INFO	Mapping fxdriver@googlecode.com to C:\Users\Shreyans Jain\AppData\Local\Temp\anonymous10264595181467574151webdriver-profile\extensions\fxdriver@googlecode.com
1518376168658	addons.xpi	DEBUG	Ignoring file entry whose name is not a valid add-on ID: C:\Users\Shreyans Jain\AppData\Local\Temp\anonymous10264595181467574151webdriver-profile\extensions\webdriver-staging
1518376168658	addons.xpi	DEBUG	Existing add-on fxdriver@googlecode.com in app-profile
1518376168658	addons.xpi	INFO	Mapping activity-stream@mozilla.org to C:\Program Files (x86)\Mozilla Firefox\browser\features\activity-stream@mozilla.org.xpi
1518376168658	addons.xpi	INFO	Mapping aushelper@mozilla.org to C:\Program Files (x86)\Mozilla Firefox\browser\features\aushelper@mozilla.org.xpi
1518376168658	addons.xpi	INFO	Mapping firefox@getpocket.com to C:\Program Files (x86)\Mozilla Firefox\browser\features\firefox@getpocket.com.xpi
1518376168658	addons.xpi	INFO	Mapping followonsearch@mozilla.com to C:\Program Files (x86)\Mozilla Firefox\browser\features\followonsearch@mozilla.com.xpi
1518376168659	addons.xpi	INFO	Mapping formautofill@mozilla.org to C:\Program Files (x86)\Mozilla Firefox\browser\features\formautofill@mozilla.org.xpi
1518376168659	addons.xpi	INFO	Mapping onboarding@mozilla.org to C:\Program Files (x86)\Mozilla Firefox\browser\features\onboarding@mozilla.org.xpi
1518376168659	addons.xpi	INFO	Mapping screenshots@mozilla.org to C:\Program Files (x86)\Mozilla Firefox\browser\features\screenshots@mozilla.org.xpi
1518376168659	addons.xpi	INFO	Mapping shield-recipe-client@mozilla.org to C:\Program Files (x86)\Mozilla Firefox\browser\features\shield-recipe-client@mozilla.org.xpi
1518376168659	addons.xpi	INFO	Mapping webcompat@mozilla.org to C:\Program Files (x86)\Mozilla Firefox\browser\features\webcompat@mozilla.org.xpi
1518376168659	addons.xpi	DEBUG	Existing add-on activity-stream@mozilla.org in app-system-defaults
1518376168659	addons.xpi	DEBUG	Existing add-on aushelper@mozilla.org in app-system-defaults
1518376168660	addons.xpi	DEBUG	Existing add-on firefox@getpocket.com in app-system-defaults
1518376168660	addons.xpi	DEBUG	Existing add-on followonsearch@mozilla.com in app-system-defaults
1518376168660	addons.xpi	DEBUG	Existing add-on formautofill@mozilla.org in app-system-defaults
1518376168661	addons.xpi	DEBUG	Existing add-on onboarding@mozilla.org in app-system-defaults
1518376168661	addons.xpi	DEBUG	Existing add-on screenshots@mozilla.org in app-system-defaults
1518376168661	addons.xpi	DEBUG	Existing add-on shield-recipe-client@mozilla.org in app-system-defaults
1518376168662	addons.xpi	DEBUG	Existing add-on webcompat@mozilla.org in app-system-defaults
1518376168663	addons.xpi	INFO	Mapping {972ce4c6-7e08-4474-a285-3208198ce6fd} to C:\Program Files (x86)\Mozilla Firefox\browser\extensions\{972ce4c6-7e08-4474-a285-3208198ce6fd}.xpi
1518376168663	addons.xpi	DEBUG	Existing add-on {972ce4c6-7e08-4474-a285-3208198ce6fd} in app-global
1518376168663	addons.xpi	DEBUG	getInstallState changed: false, state: {}
1518376168747	addons.xpi-utils	DEBUG	Async JSON file read took 0 MS
1518376168747	addons.xpi-utils	DEBUG	Finished async read of XPI database, parsing...
1518376168752	addons.xpi-utils	DEBUG	Successfully read XPI database

Build info: version: &amp;apos;2.45.0&amp;apos;, revision: &amp;apos;5017cb8e7ca8e37638dc3091b2440b90a1d8686f&amp;apos;, time: &amp;apos;2015-02-27 09:10:26&amp;apos;
System info: host: &amp;apos;DESKTOP-V0FSRTB&amp;apos;, ip: &amp;apos;192.168.1.117&amp;apos;, os.name: &amp;apos;Windows 10&amp;apos;, os.arch: &amp;apos;amd64&amp;apos;, os.version: &amp;apos;10.0&amp;apos;, java.version: &amp;apos;9.0.1&amp;apos;
Driver info: driver.version: FirefoxDriver">
      <![CDATA[org.openqa.selenium.WebDriverException: Failed to connect to binary FirefoxBinary(C:\Program Files (x86)\Mozilla Firefox\firefox.exe) on port 7055; process output follows: 
167642	addons.manager	DEBUG	Starting provider: PluginProvider
1518376167642	addons.manager	DEBUG	Registering shutdown blocker for PluginProvider
1518376167643	addons.manager	DEBUG	Provider finished startup: PluginProvider
1518376167643	addons.manager	DEBUG	Completed startup sequence
1518376167786	addons.manager	DEBUG	Starting provider: PreviousExperimentProvider
1518376167786	addons.manager	DEBUG	Registering shutdown blocker for PreviousExperimentProvider
1518376167786	addons.manager	DEBUG	Provider finished startup: PreviousExperimentProvider
*** Blocklist::_preloadBlocklistFile: blocklist is disabled
1518376168620	addons.xpi-utils	DEBUG	Starting async load of XPI database C:\Users\Shreyans Jain\AppData\Local\Temp\anonymous10264595181467574151webdriver-profile\extensions.json
1518376168657	addons.xpi	INFO	Mapping fxdriver@googlecode.com to C:\Users\Shreyans Jain\AppData\Local\Temp\anonymous10264595181467574151webdriver-profile\extensions\fxdriver@googlecode.com
1518376168658	addons.xpi	DEBUG	Ignoring file entry whose name is not a valid add-on ID: C:\Users\Shreyans Jain\AppData\Local\Temp\anonymous10264595181467574151webdriver-profile\extensions\webdriver-staging
1518376168658	addons.xpi	DEBUG	Existing add-on fxdriver@googlecode.com in app-profile
1518376168658	addons.xpi	INFO	Mapping activity-stream@mozilla.org to C:\Program Files (x86)\Mozilla Firefox\browser\features\activity-stream@mozilla.org.xpi
1518376168658	addons.xpi	INFO	Mapping aushelper@mozilla.org to C:\Program Files (x86)\Mozilla Firefox\browser\features\aushelper@mozilla.org.xpi
1518376168658	addons.xpi	INFO	Mapping firefox@getpocket.com to C:\Program Files (x86)\Mozilla Firefox\browser\features\firefox@getpocket.com.xpi
1518376168658	addons.xpi	INFO	Mapping followonsearch@mozilla.com to C:\Program Files (x86)\Mozilla Firefox\browser\features\followonsearch@mozilla.com.xpi
1518376168659	addons.xpi	INFO	Mapping formautofill@mozilla.org to C:\Program Files (x86)\Mozilla Firefox\browser\features\formautofill@mozilla.org.xpi
1518376168659	addons.xpi	INFO	Mapping onboarding@mozilla.org to C:\Program Files (x86)\Mozilla Firefox\browser\features\onboarding@mozilla.org.xpi
1518376168659	addons.xpi	INFO	Mapping screenshots@mozilla.org to C:\Program Files (x86)\Mozilla Firefox\browser\features\screenshots@mozilla.org.xpi
1518376168659	addons.xpi	INFO	Mapping shield-recipe-client@mozilla.org to C:\Program Files (x86)\Mozilla Firefox\browser\features\shield-recipe-client@mozilla.org.xpi
1518376168659	addons.xpi	INFO	Mapping webcompat@mozilla.org to C:\Program Files (x86)\Mozilla Firefox\browser\features\webcompat@mozilla.org.xpi
1518376168659	addons.xpi	DEBUG	Existing add-on activity-stream@mozilla.org in app-system-defaults
1518376168659	addons.xpi	DEBUG	Existing add-on aushelper@mozilla.org in app-system-defaults
1518376168660	addons.xpi	DEBUG	Existing add-on firefox@getpocket.com in app-system-defaults
1518376168660	addons.xpi	DEBUG	Existing add-on followonsearch@mozilla.com in app-system-defaults
1518376168660	addons.xpi	DEBUG	Existing add-on formautofill@mozilla.org in app-system-defaults
1518376168661	addons.xpi	DEBUG	Existing add-on onboarding@mozilla.org in app-system-defaults
1518376168661	addons.xpi	DEBUG	Existing add-on screenshots@mozilla.org in app-system-defaults
1518376168661	addons.xpi	DEBUG	Existing add-on shield-recipe-client@mozilla.org in app-system-defaults
1518376168662	addons.xpi	DEBUG	Existing add-on webcompat@mozilla.org in app-system-defaults
1518376168663	addons.xpi	INFO	Mapping {972ce4c6-7e08-4474-a285-3208198ce6fd} to C:\Program Files (x86)\Mozilla Firefox\browser\extensions\{972ce4c6-7e08-4474-a285-3208198ce6fd}.xpi
1518376168663	addons.xpi	DEBUG	Existing add-on {972ce4c6-7e08-4474-a285-3208198ce6fd} in app-global
1518376168663	addons.xpi	DEBUG	getInstallState changed: false, state: {}
1518376168747	addons.xpi-utils	DEBUG	Async JSON file read took 0 MS
1518376168747	addons.xpi-utils	DEBUG	Finished async read of XPI database, parsing...
1518376168752	addons.xpi-utils	DEBUG	Successfully read XPI database

Build info: version: '2.45.0', revision: '5017cb8e7ca8e37638dc3091b2440b90a1d8686f', time: '2015-02-27 09:10:26'
System info: host: 'DESKTOP-V0FSRTB', ip: '192.168.1.117', os.name: 'Windows 10', os.arch: 'amd64', os.version: '10.0', java.version: '9.0.1'
Driver info: driver.version: FirefoxDriver
	at org.openqa.selenium.firefox.internal.NewProfileExtensionConnection.start(NewProfileExtensionConnection.java:130)
	at org.openqa.selenium.firefox.FirefoxDriver.startClient(FirefoxDriver.java:246)
	at org.openqa.selenium.remote.RemoteWebDriver.<init>(RemoteWebDriver.java:114)
	at org.openqa.selenium.firefox.FirefoxDriver.<init>(FirefoxDriver.java:191)
	at org.openqa.selenium.firefox.FirefoxDriver.<init>(FirefoxDriver.java:186)
	at org.openqa.selenium.firefox.FirefoxDriver.<init>(FirefoxDriver.java:182)
	at org.openqa.selenium.firefox.FirefoxDriver.<init>(FirefoxDriver.java:95)
	at com.servlet.demo.NewTest.beforeTest(NewTest.java:25)
Caused by: org.openqa.selenium.firefox.NotConnectedException: Unable to connect to host 127.0.0.1 on port 7055 after 45000 ms. Firefox console output:
167642	addons.manager	DEBUG	Starting provider: PluginProvider
1518376167642	addons.manager	DEBUG	Registering shutdown blocker for PluginProvider
1518376167643	addons.manager	DEBUG	Provider finished startup: PluginProvider
1518376167643	addons.manager	DEBUG	Completed startup sequence
1518376167786	addons.manager	DEBUG	Starting provider: PreviousExperimentProvider
1518376167786	addons.manager	DEBUG	Registering shutdown blocker for PreviousExperimentProvider
1518376167786	addons.manager	DEBUG	Provider finished startup: PreviousExperimentProvider
*** Blocklist::_preloadBlocklistFile: blocklist is disabled
1518376168620	addons.xpi-utils	DEBUG	Starting async load of XPI database C:\Users\Shreyans Jain\AppData\Local\Temp\anonymous10264595181467574151webdriver-profile\extensions.json
1518376168657	addons.xpi	INFO	Mapping fxdriver@googlecode.com to C:\Users\Shreyans Jain\AppData\Local\Temp\anonymous10264595181467574151webdriver-profile\extensions\fxdriver@googlecode.com
1518376168658	addons.xpi	DEBUG	Ignoring file entry whose name is not a valid add-on ID: C:\Users\Shreyans Jain\AppData\Local\Temp\anonymous10264595181467574151webdriver-profile\extensions\webdriver-staging
1518376168658	addons.xpi	DEBUG	Existing add-on fxdriver@googlecode.com in app-profile
1518376168658	addons.xpi	INFO	Mapping activity-stream@mozilla.org to C:\Program Files (x86)\Mozilla Firefox\browser\features\activity-stream@mozilla.org.xpi
1518376168658	addons.xpi	INFO	Mapping aushelper@mozilla.org to C:\Program Files (x86)\Mozilla Firefox\browser\features\aushelper@mozilla.org.xpi
1518376168658	addons.xpi	INFO	Mapping firefox@getpocket.com to C:\Program Files (x86)\Mozilla Firefox\browser\features\firefox@getpocket.com.xpi
1518376168658	addons.xpi	INFO	Mapping followonsearch@mozilla.com to C:\Program Files (x86)\Mozilla Firefox\browser\features\followonsearch@mozilla.com.xpi
1518376168659	addons.xpi	INFO	Mapping formautofill@mozilla.org to C:\Program Files (x86)\Mozilla Firefox\browser\features\formautofill@mozilla.org.xpi
1518376168659	addons.xpi	INFO	Mapping onboarding@mozilla.org to C:\Program Files (x86)\Mozilla Firefox\browser\features\onboarding@mozilla.org.xpi
1518376168659	addons.xpi	INFO	Mapping screenshots@mozilla.org to C:\Program Files (x86)\Mozilla Firefox\browser\features\screenshots@mozilla.org.xpi
1518376168659	addons.xpi	INFO	Mapping shield-recipe-client@mozilla.org to C:\Program Files (x86)\Mozilla Firefox\browser\features\shield-recipe-client@mozilla.org.xpi
1518376168659	addons.xpi	INFO	Mapping webcompat@mozilla.org to C:\Program Files (x86)\Mozilla Firefox\browser\features\webcompat@mozilla.org.xpi
1518376168659	addons.xpi	DEBUG	Existing add-on activity-stream@mozilla.org in app-system-defaults
1518376168659	addons.xpi	DEBUG	Existing add-on aushelper@mozilla.org in app-system-defaults
1518376168660	addons.xpi	DEBUG	Existing add-on firefox@getpocket.com in app-system-defaults
1518376168660	addons.xpi	DEBUG	Existing add-on followonsearch@mozilla.com in app-system-defaults
1518376168660	addons.xpi	DEBUG	Existing add-on formautofill@mozilla.org in app-system-defaults
1518376168661	addons.xpi	DEBUG	Existing add-on onboarding@mozilla.org in app-system-defaults
1518376168661	addons.xpi	DEBUG	Existing add-on screenshots@mozilla.org in app-system-defaults
1518376168661	addons.xpi	DEBUG	Existing add-on shield-recipe-client@mozilla.org in app-system-defaults
1518376168662	addons.xpi	DEBUG	Existing add-on webcompat@mozilla.org in app-system-defaults
1518376168663	addons.xpi	INFO	Mapping {972ce4c6-7e08-4474-a285-3208198ce6fd} to C:\Program Files (x86)\Mozilla Firefox\browser\extensions\{972ce4c6-7e08-4474-a285-3208198ce6fd}.xpi
1518376168663	addons.xpi	DEBUG	Existing add-on {972ce4c6-7e08-4474-a285-3208198ce6fd} in app-global
1518376168663	addons.xpi	DEBUG	getInstallState changed: false, state: {}
1518376168747	addons.xpi-utils	DEBUG	Async JSON file read took 0 MS
1518376168747	addons.xpi-utils	DEBUG	Finished async read of XPI database, parsing...
1518376168752	addons.xpi-utils	DEBUG	Successfully read XPI database

	at org.openqa.selenium.firefox.internal.NewProfileExtensionConnection.start(NewProfileExtensionConnection.java:118)
	... 29 more
... Removed 22 stack frames]]>
    </failure>
  </testcase> <!-- @BeforeTest beforeTest -->
  <testcase classname="com.servlet.demo.NewTest" name="@AfterTest afterTest" time="0.0">
    <skipped/>
  </testcase> <!-- @AfterTest afterTest -->
  <testcase classname="com.servlet.demo.NewTest" name="testEasy" time="0.002">
    <skipped/>
  </testcase> <!-- testEasy -->
</testsuite> <!-- Test -->
