<?xml version="1.0" encoding="UTF-8"?>
<testng-results total="1" passed="1" failed="0" skipped="0">
  <reporter-output>
  </reporter-output>
  <suite started-at="2018-02-13T00:11:46Z" name="Default suite" finished-at="2018-02-13T00:11:56Z" duration-ms="9991">
    <groups>
    </groups>
    <test started-at="2018-02-13T00:11:46Z" name="Default test" finished-at="2018-02-13T00:11:56Z" duration-ms="9991">
      <class name="com.servlet.demo.TutorialsPointTest">
        <test-method is-config="true" signature="setUp()[pri:0, instance:com.servlet.demo.TutorialsPointTest@157853da]" started-at="2018-02-13T00:11:46Z" name="setUp" finished-at="2018-02-13T00:11:51Z" duration-ms="4505" status="PASS">
          <reporter-output>
          </reporter-output>
        </test-method> <!-- setUp -->
        <test-method signature="testUntitledTestCase()[pri:0, instance:com.servlet.demo.TutorialsPointTest@157853da]" started-at="2018-02-13T00:11:51Z" name="testUntitledTestCase" finished-at="2018-02-13T00:11:56Z" duration-ms="5469" status="PASS">
          <reporter-output>
          </reporter-output>
        </test-method> <!-- testUntitledTestCase -->
      </class> <!-- com.servlet.demo.TutorialsPointTest -->
    </test> <!-- Default test -->
  </suite> <!-- Default suite -->
</testng-results>
